0 info it worked if it ends with ok
1 verbose cli [ 'C:\\Program Files (x86)\\nodejs\\\\node.exe',
1 verbose cli   'C:\\Program Files (x86)\\nodejs\\node_modules\\npm\\bin\\npm-cli.js',
1 verbose cli   'install' ]
2 info using npm@1.2.18
3 info using node@v0.10.5
4 verbose node symlink C:\Program Files (x86)\nodejs\\node.exe
5 verbose read json C:\git repos\cms\package.json
6 verbose readDependencies using package.json deps
7 verbose install where, deps [ 'C:\\git repos\\cms',
7 verbose install   [ 'express',
7 verbose install     'ejs',
7 verbose install     'mongodb',
7 verbose install     'mongoose',
7 verbose install     'crypto',
7 verbose install     'passport-local',
7 verbose install     'passport',
7 verbose install     'connect-mongo',
7 verbose install     'connect-ensure-login',
7 verbose install     'connect-flash' ] ]
8 verbose from cache C:\git repos\cms\package.json
9 info preinstall application-name@0.0.1
10 verbose read json C:\git repos\cms\node_modules\bcrypt\package.json
11 verbose read json C:\git repos\cms\node_modules\connect-ensure-login\package.json
12 verbose read json C:\git repos\cms\node_modules\connect-mongo\package.json
13 verbose read json C:\git repos\cms\node_modules\crypto\package.json
14 verbose read json C:\git repos\cms\node_modules\ejs\package.json
15 verbose read json C:\git repos\cms\node_modules\express\package.json
16 verbose read json C:\git repos\cms\node_modules\mongodb\package.json
17 verbose read json C:\git repos\cms\node_modules\mongoose\package.json
18 verbose read json C:\git repos\cms\node_modules\passport\package.json
19 verbose read json C:\git repos\cms\node_modules\passport-local\package.json
20 verbose from cache C:\git repos\cms\package.json
21 verbose readDependencies using package.json deps
22 verbose from cache C:\git repos\cms\node_modules\bcrypt\package.json
23 verbose from cache C:\git repos\cms\node_modules\connect-ensure-login\package.json
24 verbose from cache C:\git repos\cms\node_modules\connect-mongo\package.json
25 verbose from cache C:\git repos\cms\node_modules\crypto\package.json
26 verbose from cache C:\git repos\cms\node_modules\ejs\package.json
27 verbose from cache C:\git repos\cms\node_modules\express\package.json
28 verbose from cache C:\git repos\cms\node_modules\mongodb\package.json
29 verbose from cache C:\git repos\cms\node_modules\mongoose\package.json
30 verbose from cache C:\git repos\cms\node_modules\passport\package.json
31 verbose from cache C:\git repos\cms\node_modules\passport-local\package.json
32 verbose already installed skipping express@3.2.1 C:\git repos\cms
33 verbose already installed skipping ejs@* C:\git repos\cms
34 verbose already installed skipping mongodb@* C:\git repos\cms
35 verbose already installed skipping mongoose@* C:\git repos\cms
36 verbose already installed skipping crypto@* C:\git repos\cms
37 verbose already installed skipping passport-local@* C:\git repos\cms
38 verbose already installed skipping passport@* C:\git repos\cms
39 verbose already installed skipping connect-mongo@* C:\git repos\cms
40 verbose already installed skipping connect-ensure-login@* C:\git repos\cms
41 verbose cache add [ 'connect-flash@*', null ]
42 verbose cache add name=undefined spec="connect-flash@*" args=["connect-flash@*",null]
43 verbose parsed url { protocol: null,
43 verbose parsed url   slashes: null,
43 verbose parsed url   auth: null,
43 verbose parsed url   host: null,
43 verbose parsed url   port: null,
43 verbose parsed url   hostname: null,
43 verbose parsed url   hash: null,
43 verbose parsed url   search: null,
43 verbose parsed url   query: null,
43 verbose parsed url   pathname: 'connect-flash@*',
43 verbose parsed url   path: 'connect-flash@*',
43 verbose parsed url   href: 'connect-flash@*' }
44 verbose cache add name="connect-flash" spec="*" args=["connect-flash","*"]
45 verbose parsed url { protocol: null,
45 verbose parsed url   slashes: null,
45 verbose parsed url   auth: null,
45 verbose parsed url   host: null,
45 verbose parsed url   port: null,
45 verbose parsed url   hostname: null,
45 verbose parsed url   hash: null,
45 verbose parsed url   search: null,
45 verbose parsed url   query: null,
45 verbose parsed url   pathname: '*',
45 verbose parsed url   path: '*',
45 verbose parsed url   href: '*' }
46 verbose addNamed [ 'connect-flash', '*' ]
47 verbose addNamed [ null, '' ]
48 silly lockFile 6353b055-connect-flash connect-flash@*
49 verbose lock connect-flash@* C:\Users\HugoG\AppData\Roaming\npm-cache\6353b055-connect-flash.lock
50 silly addNameRange { name: 'connect-flash', range: '', hasData: false }
51 verbose url raw connect-flash
52 verbose url resolving [ 'https://registry.npmjs.org/', './connect-flash' ]
53 verbose url resolved https://registry.npmjs.org/connect-flash
54 info trying registry request attempt 1 at 15:37:44
55 http GET https://registry.npmjs.org/connect-flash
56 http 200 https://registry.npmjs.org/connect-flash
57 silly registry.get cb [ 200,
57 silly registry.get   { vary: 'Accept',
57 silly registry.get     server: 'CouchDB/1.3.0 (Erlang OTP/R15B03)',
57 silly registry.get     etag: '"1DP1E22UHHDPSPFL57NK47ESQ"',
57 silly registry.get     date: 'Wed, 01 May 2013 14:37:46 GMT',
57 silly registry.get     'content-type': 'application/json',
57 silly registry.get     'content-length': '1812' } ]
58 silly addNameRange number 2 { name: 'connect-flash', range: '', hasData: true }
59 silly addNameRange versions [ 'connect-flash', [ '0.1.0' ] ]
60 verbose addNamed [ 'connect-flash', '0.1.0' ]
61 verbose addNamed [ '0.1.0', '0.1.0' ]
62 silly lockFile c903b246-connect-flash-0-1-0 connect-flash@0.1.0
63 verbose lock connect-flash@0.1.0 C:\Users\HugoG\AppData\Roaming\npm-cache\c903b246-connect-flash-0-1-0.lock
64 silly lockFile 2bc66569-ct-flash-connect-flash-0-1-0-tgz https://registry.npmjs.org/connect-flash/-/connect-flash-0.1.0.tgz
65 verbose lock https://registry.npmjs.org/connect-flash/-/connect-flash-0.1.0.tgz C:\Users\HugoG\AppData\Roaming\npm-cache\2bc66569-ct-flash-connect-flash-0-1-0-tgz.lock
66 verbose addRemoteTarball [ 'https://registry.npmjs.org/connect-flash/-/connect-flash-0.1.0.tgz',
66 verbose addRemoteTarball   '82b381d61a12b651437df1c259c1f1c841239b88' ]
67 info retry fetch attempt 1 at 15:37:46
68 verbose fetch to= C:\Users\HugoG\AppData\Local\Temp\npm-6664\1367419066347-0.3250157879665494\tmp.tgz
69 http GET https://registry.npmjs.org/connect-flash/-/connect-flash-0.1.0.tgz
70 http 200 https://registry.npmjs.org/connect-flash/-/connect-flash-0.1.0.tgz
71 silly shasum updated bytes 3217
72 info shasum 82b381d61a12b651437df1c259c1f1c841239b88
72 info shasum C:\Users\HugoG\AppData\Local\Temp\npm-6664\1367419066347-0.3250157879665494\tmp.tgz
73 verbose tar unpack C:\Users\HugoG\AppData\Local\Temp\npm-6664\1367419066347-0.3250157879665494\tmp.tgz
74 silly lockFile e939c593-66347-0-3250157879665494-package C:\Users\HugoG\AppData\Local\Temp\npm-6664\1367419066347-0.3250157879665494\package
75 verbose lock C:\Users\HugoG\AppData\Local\Temp\npm-6664\1367419066347-0.3250157879665494\package C:\Users\HugoG\AppData\Roaming\npm-cache\e939c593-66347-0-3250157879665494-package.lock
76 silly lockFile cb31a2ef-66347-0-3250157879665494-tmp-tgz C:\Users\HugoG\AppData\Local\Temp\npm-6664\1367419066347-0.3250157879665494\tmp.tgz
77 verbose lock C:\Users\HugoG\AppData\Local\Temp\npm-6664\1367419066347-0.3250157879665494\tmp.tgz C:\Users\HugoG\AppData\Roaming\npm-cache\cb31a2ef-66347-0-3250157879665494-tmp-tgz.lock
78 silly gunzTarPerm modes [ '755', '644' ]
79 silly gunzTarPerm extractEntry .npmignore
80 silly gunzTarPerm extractEntry .travis.yml
81 silly gunzTarPerm extractEntry examples/
82 silly gunzTarPerm extractEntry examples/express2/
83 silly gunzTarPerm extractEntry examples/express2/app.js
84 silly gunzTarPerm extractEntry examples/express2/package.json
85 silly gunzTarPerm extractEntry examples/express2/views/
86 silly gunzTarPerm extractEntry examples/express2/views/index.ejs
87 silly gunzTarPerm extractEntry examples/express2/views/layout.ejs
88 silly gunzTarPerm extractEntry examples/express3/
89 silly gunzTarPerm extractEntry examples/express3/app.js
90 silly gunzTarPerm extractEntry examples/express3/package.json
91 silly gunzTarPerm extractEntry examples/express3/views/
92 silly gunzTarPerm extractEntry examples/express3/views/index.ejs
93 silly gunzTarPerm extractEntry lib/
94 silly gunzTarPerm extractEntry lib/flash.js
95 silly gunzTarPerm extractEntry lib/index.js
96 silly gunzTarPerm extractEntry LICENSE
97 silly gunzTarPerm extractEntry package.json
98 verbose read json C:\Users\HugoG\AppData\Local\Temp\npm-6664\1367419066347-0.3250157879665494\package\package.json
99 warn package.json connect-flash@0.1.0 No README.md file found!
100 silly lockFile e939c593-66347-0-3250157879665494-package C:\Users\HugoG\AppData\Local\Temp\npm-6664\1367419066347-0.3250157879665494\package
101 silly lockFile e939c593-66347-0-3250157879665494-package C:\Users\HugoG\AppData\Local\Temp\npm-6664\1367419066347-0.3250157879665494\package
102 silly lockFile cb31a2ef-66347-0-3250157879665494-tmp-tgz C:\Users\HugoG\AppData\Local\Temp\npm-6664\1367419066347-0.3250157879665494\tmp.tgz
103 silly lockFile cb31a2ef-66347-0-3250157879665494-tmp-tgz C:\Users\HugoG\AppData\Local\Temp\npm-6664\1367419066347-0.3250157879665494\tmp.tgz
104 verbose from cache C:\Users\HugoG\AppData\Local\Temp\npm-6664\1367419066347-0.3250157879665494\package\package.json
105 verbose tar pack [ 'C:\\Users\\HugoG\\AppData\\Roaming\\npm-cache\\connect-flash\\0.1.0\\package.tgz',
105 verbose tar pack   'C:\\Users\\HugoG\\AppData\\Local\\Temp\\npm-6664\\1367419066347-0.3250157879665494\\package' ]
106 verbose tarball C:\Users\HugoG\AppData\Roaming\npm-cache\connect-flash\0.1.0\package.tgz
107 verbose folder C:\Users\HugoG\AppData\Local\Temp\npm-6664\1367419066347-0.3250157879665494\package
108 silly lockFile e939c593-66347-0-3250157879665494-package C:\Users\HugoG\AppData\Local\Temp\npm-6664\1367419066347-0.3250157879665494\package
109 verbose lock C:\Users\HugoG\AppData\Local\Temp\npm-6664\1367419066347-0.3250157879665494\package C:\Users\HugoG\AppData\Roaming\npm-cache\e939c593-66347-0-3250157879665494-package.lock
110 silly lockFile aa2d18cc--connect-flash-0-1-0-package-tgz C:\Users\HugoG\AppData\Roaming\npm-cache\connect-flash\0.1.0\package.tgz
111 verbose lock C:\Users\HugoG\AppData\Roaming\npm-cache\connect-flash\0.1.0\package.tgz C:\Users\HugoG\AppData\Roaming\npm-cache\aa2d18cc--connect-flash-0-1-0-package-tgz.lock
112 silly lockFile e939c593-66347-0-3250157879665494-package C:\Users\HugoG\AppData\Local\Temp\npm-6664\1367419066347-0.3250157879665494\package
113 silly lockFile e939c593-66347-0-3250157879665494-package C:\Users\HugoG\AppData\Local\Temp\npm-6664\1367419066347-0.3250157879665494\package
114 silly lockFile aa2d18cc--connect-flash-0-1-0-package-tgz C:\Users\HugoG\AppData\Roaming\npm-cache\connect-flash\0.1.0\package.tgz
115 silly lockFile aa2d18cc--connect-flash-0-1-0-package-tgz C:\Users\HugoG\AppData\Roaming\npm-cache\connect-flash\0.1.0\package.tgz
116 silly lockFile a46e9961-ache-connect-flash-0-1-0-package C:\Users\HugoG\AppData\Roaming\npm-cache\connect-flash\0.1.0\package
117 verbose lock C:\Users\HugoG\AppData\Roaming\npm-cache\connect-flash\0.1.0\package C:\Users\HugoG\AppData\Roaming\npm-cache\a46e9961-ache-connect-flash-0-1-0-package.lock
118 silly lockFile a46e9961-ache-connect-flash-0-1-0-package C:\Users\HugoG\AppData\Roaming\npm-cache\connect-flash\0.1.0\package
119 silly lockFile a46e9961-ache-connect-flash-0-1-0-package C:\Users\HugoG\AppData\Roaming\npm-cache\connect-flash\0.1.0\package
120 verbose tar unpack C:\Users\HugoG\AppData\Roaming\npm-cache\connect-flash\0.1.0\package.tgz
121 silly lockFile a46e9961-ache-connect-flash-0-1-0-package C:\Users\HugoG\AppData\Roaming\npm-cache\connect-flash\0.1.0\package
122 verbose lock C:\Users\HugoG\AppData\Roaming\npm-cache\connect-flash\0.1.0\package C:\Users\HugoG\AppData\Roaming\npm-cache\a46e9961-ache-connect-flash-0-1-0-package.lock
123 silly lockFile aa2d18cc--connect-flash-0-1-0-package-tgz C:\Users\HugoG\AppData\Roaming\npm-cache\connect-flash\0.1.0\package.tgz
124 verbose lock C:\Users\HugoG\AppData\Roaming\npm-cache\connect-flash\0.1.0\package.tgz C:\Users\HugoG\AppData\Roaming\npm-cache\aa2d18cc--connect-flash-0-1-0-package-tgz.lock
125 silly gunzTarPerm modes [ '755', '644' ]
126 silly gunzTarPerm extractEntry package.json
127 silly gunzTarPerm modified mode [ 'package.json', 438, 420 ]
128 silly gunzTarPerm extractEntry .npmignore
129 silly gunzTarPerm modified mode [ '.npmignore', 438, 420 ]
130 silly gunzTarPerm extractEntry LICENSE
131 silly gunzTarPerm modified mode [ 'LICENSE', 438, 420 ]
132 silly gunzTarPerm extractEntry .travis.yml
133 silly gunzTarPerm modified mode [ '.travis.yml', 438, 420 ]
134 silly gunzTarPerm extractEntry lib/flash.js
135 silly gunzTarPerm modified mode [ 'lib/flash.js', 438, 420 ]
136 silly gunzTarPerm extractEntry lib/index.js
137 silly gunzTarPerm modified mode [ 'lib/index.js', 438, 420 ]
138 verbose read json C:\Users\HugoG\AppData\Roaming\npm-cache\connect-flash\0.1.0\package\package.json
139 silly lockFile a46e9961-ache-connect-flash-0-1-0-package C:\Users\HugoG\AppData\Roaming\npm-cache\connect-flash\0.1.0\package
140 silly lockFile a46e9961-ache-connect-flash-0-1-0-package C:\Users\HugoG\AppData\Roaming\npm-cache\connect-flash\0.1.0\package
141 silly lockFile aa2d18cc--connect-flash-0-1-0-package-tgz C:\Users\HugoG\AppData\Roaming\npm-cache\connect-flash\0.1.0\package.tgz
142 silly lockFile aa2d18cc--connect-flash-0-1-0-package-tgz C:\Users\HugoG\AppData\Roaming\npm-cache\connect-flash\0.1.0\package.tgz
143 silly shasum updated bytes 2141
144 info shasum 39b81d82029db4854c7b5124bfc75df2baef33ac
144 info shasum C:\Users\HugoG\AppData\Roaming\npm-cache\connect-flash\0.1.0\package.tgz
145 verbose from cache C:\Users\HugoG\AppData\Roaming\npm-cache\connect-flash\0.1.0\package\package.json
146 verbose chmod C:\Users\HugoG\AppData\Roaming\npm-cache\connect-flash\0.1.0\package.tgz 644
147 silly chown skipping for windows C:\Users\HugoG\AppData\Roaming\npm-cache\connect-flash\0.1.0\package.tgz
148 silly lockFile 2bc66569-ct-flash-connect-flash-0-1-0-tgz https://registry.npmjs.org/connect-flash/-/connect-flash-0.1.0.tgz
149 silly lockFile 2bc66569-ct-flash-connect-flash-0-1-0-tgz https://registry.npmjs.org/connect-flash/-/connect-flash-0.1.0.tgz
150 silly lockFile c903b246-connect-flash-0-1-0 connect-flash@0.1.0
151 silly lockFile c903b246-connect-flash-0-1-0 connect-flash@0.1.0
152 silly lockFile 6353b055-connect-flash connect-flash@*
153 silly lockFile 6353b055-connect-flash connect-flash@*
154 silly resolved [ { name: 'connect-flash',
154 silly resolved     version: '0.1.0',
154 silly resolved     description: 'Flash message middleware for Connect.',
154 silly resolved     author:
154 silly resolved      { name: 'Jared Hanson',
154 silly resolved        email: 'jaredhanson@gmail.com',
154 silly resolved        url: 'http://www.jaredhanson.net/' },
154 silly resolved     repository:
154 silly resolved      { type: 'git',
154 silly resolved        url: 'git://github.com/jaredhanson/connect-flash.git' },
154 silly resolved     bugs: { url: 'http://github.com/jaredhanson/connect-flash/issues' },
154 silly resolved     main: './lib',
154 silly resolved     dependencies: {},
154 silly resolved     devDependencies: { vows: '0.6.x' },
154 silly resolved     scripts: { test: 'NODE_PATH=lib node_modules/.bin/vows test/*-test.js' },
154 silly resolved     engines: { node: '>= 0.4.0' },
154 silly resolved     licenses: [ [Object] ],
154 silly resolved     keywords: [ 'connect', 'express', 'flash', 'messages' ],
154 silly resolved     _id: 'connect-flash@0.1.0',
154 silly resolved     readme: 'ERROR: No README.md file found!',
154 silly resolved     dist: { shasum: '39b81d82029db4854c7b5124bfc75df2baef33ac' },
154 silly resolved     _from: 'connect-flash@*',
154 silly resolved     _resolved: 'https://registry.npmjs.org/connect-flash/-/connect-flash-0.1.0.tgz' } ]
155 info install connect-flash@0.1.0 into C:\git repos\cms
156 info installOne connect-flash@0.1.0
157 verbose from cache C:\Users\HugoG\AppData\Roaming\npm-cache\connect-flash\0.1.0\package\package.json
158 info C:\git repos\cms\node_modules\connect-flash unbuild
159 verbose read json C:\git repos\cms\node_modules\connect-flash\package.json
160 verbose tar unpack C:\Users\HugoG\AppData\Roaming\npm-cache\connect-flash\0.1.0\package.tgz
161 silly lockFile 7474bf35-s-cms-node-modules-connect-flash C:\git repos\cms\node_modules\connect-flash
162 verbose lock C:\git repos\cms\node_modules\connect-flash C:\Users\HugoG\AppData\Roaming\npm-cache\7474bf35-s-cms-node-modules-connect-flash.lock
163 silly lockFile aa2d18cc--connect-flash-0-1-0-package-tgz C:\Users\HugoG\AppData\Roaming\npm-cache\connect-flash\0.1.0\package.tgz
164 verbose lock C:\Users\HugoG\AppData\Roaming\npm-cache\connect-flash\0.1.0\package.tgz C:\Users\HugoG\AppData\Roaming\npm-cache\aa2d18cc--connect-flash-0-1-0-package-tgz.lock
165 silly gunzTarPerm modes [ '755', '644' ]
166 silly gunzTarPerm extractEntry package.json
167 silly gunzTarPerm modified mode [ 'package.json', 438, 420 ]
168 silly gunzTarPerm extractEntry .npmignore
169 silly gunzTarPerm modified mode [ '.npmignore', 438, 420 ]
170 silly gunzTarPerm extractEntry LICENSE
171 silly gunzTarPerm modified mode [ 'LICENSE', 438, 420 ]
172 silly gunzTarPerm extractEntry .travis.yml
173 silly gunzTarPerm modified mode [ '.travis.yml', 438, 420 ]
174 silly gunzTarPerm extractEntry lib/flash.js
175 silly gunzTarPerm modified mode [ 'lib/flash.js', 438, 420 ]
176 silly gunzTarPerm extractEntry lib/index.js
177 silly gunzTarPerm modified mode [ 'lib/index.js', 438, 420 ]
178 verbose read json C:\git repos\cms\node_modules\connect-flash\package.json
179 silly lockFile 7474bf35-s-cms-node-modules-connect-flash C:\git repos\cms\node_modules\connect-flash
180 silly lockFile 7474bf35-s-cms-node-modules-connect-flash C:\git repos\cms\node_modules\connect-flash
181 silly lockFile aa2d18cc--connect-flash-0-1-0-package-tgz C:\Users\HugoG\AppData\Roaming\npm-cache\connect-flash\0.1.0\package.tgz
182 silly lockFile aa2d18cc--connect-flash-0-1-0-package-tgz C:\Users\HugoG\AppData\Roaming\npm-cache\connect-flash\0.1.0\package.tgz
183 info preinstall connect-flash@0.1.0
184 verbose from cache C:\git repos\cms\node_modules\connect-flash\package.json
185 verbose readDependencies using package.json deps
186 verbose from cache C:\git repos\cms\node_modules\connect-flash\package.json
187 verbose readDependencies using package.json deps
188 silly resolved []
189 verbose about to build C:\git repos\cms\node_modules\connect-flash
190 info build C:\git repos\cms\node_modules\connect-flash
191 verbose from cache C:\git repos\cms\node_modules\connect-flash\package.json
192 verbose linkStuff [ false, false, false, 'C:\\git repos\\cms\\node_modules' ]
193 info linkStuff connect-flash@0.1.0
194 verbose linkBins connect-flash@0.1.0
195 verbose linkMans connect-flash@0.1.0
196 verbose rebuildBundles connect-flash@0.1.0
197 info install connect-flash@0.1.0
198 info postinstall connect-flash@0.1.0
199 info build C:\git repos\cms
200 verbose from cache C:\git repos\cms\package.json
201 verbose linkStuff [ false, false, false, 'C:\\git repos' ]
202 info linkStuff application-name@0.0.1
203 verbose linkBins application-name@0.0.1
204 verbose linkMans application-name@0.0.1
205 verbose rebuildBundles application-name@0.0.1
206 verbose rebuildBundles [ '.bin',
206 verbose rebuildBundles   'bcrypt',
206 verbose rebuildBundles   'connect-ensure-login',
206 verbose rebuildBundles   'connect-flash',
206 verbose rebuildBundles   'connect-mongo',
206 verbose rebuildBundles   'crypto',
206 verbose rebuildBundles   'ejs',
206 verbose rebuildBundles   'express',
206 verbose rebuildBundles   'mongodb',
206 verbose rebuildBundles   'mongoose',
206 verbose rebuildBundles   'passport',
206 verbose rebuildBundles   'passport-local' ]
207 verbose rebuild bundle C:\git repos\cms\node_modules\bcrypt
208 info build C:\git repos\cms\node_modules\bcrypt
209 verbose from cache C:\git repos\cms\node_modules\bcrypt\package.json
210 info preinstall bcrypt@0.7.5
211 verbose linkStuff [ false, false, false, 'C:\\git repos\\cms\\node_modules' ]
212 info linkStuff bcrypt@0.7.5
213 verbose linkBins bcrypt@0.7.5
214 verbose linkMans bcrypt@0.7.5
215 verbose rebuildBundles bcrypt@0.7.5
216 verbose rebuildBundles [ 'bindings' ]
217 info install bcrypt@0.7.5
218 verbose unsafe-perm in lifecycle true
219 silly exec cmd "/c" "node-gyp rebuild"
220 silly cmd,/c,node-gyp rebuild,C:\git repos\cms\node_modules\bcrypt spawning
221 info bcrypt@0.7.5 Failed to exec install script
222 error bcrypt@0.7.5 install: `node-gyp rebuild`
222 error `cmd "/c" "node-gyp rebuild"` failed with 1
223 error Failed at the bcrypt@0.7.5 install script.
223 error This is most likely a problem with the bcrypt package,
223 error not with npm itself.
223 error Tell the author that this fails on your system:
223 error     node-gyp rebuild
223 error You can get their info via:
223 error     npm owner ls bcrypt
223 error There is likely additional logging output above.
224 error System Windows_NT 6.1.7601
225 error command "C:\\Program Files (x86)\\nodejs\\\\node.exe" "C:\\Program Files (x86)\\nodejs\\node_modules\\npm\\bin\\npm-cli.js" "install"
226 error cwd C:\git repos\cms
227 error node -v v0.10.5
228 error npm -v 1.2.18
229 error code ELIFECYCLE
230 verbose exit [ 1, true ]
